[debug] [2026-07-20T05:20:18.973Z] ----------------------------------------------------------------------
[debug] [2026-07-20T05:20:18.975Z] Command:       C:\nvm4w\nodejs\node.exe C:\Users\ASUS\AppData\Roaming\npm\node_modules\firebase-tools\lib\bin\firebase.js functions:list --debug
[debug] [2026-07-20T05:20:18.975Z] CLI Version:   15.10.0
[debug] [2026-07-20T05:20:18.975Z] Platform:      win32
[debug] [2026-07-20T05:20:18.975Z] Node Version:  v24.11.1
[debug] [2026-07-20T05:20:18.975Z] Time:          Mon Jul 20 2026 12:20:18 GMT+0700 (เวลาอินโดจีน)
[debug] [2026-07-20T05:20:18.976Z] ----------------------------------------------------------------------
[debug] 
[debug] [2026-07-20T05:20:19.134Z] > command requires scopes: ["email","openid","https://www.googleapis.com/auth/cloudplatformprojects.readonly","https://www.googleapis.com/auth/firebase","https://www.googleapis.com/auth/cloud-platform"]
[debug] [2026-07-20T05:20:19.134Z] > authorizing via signed-in user (pdnejos098@gmail.com)
[debug] [2026-07-20T05:20:19.135Z] [iam] checking project expense-tracker-6bb42 for permissions ["cloudfunctions.functions.list","firebase.projects.get","run.services.list"]
[debug] [2026-07-20T05:20:19.136Z] Checked if tokens are valid: true, expires at: 1784528383650
[debug] [2026-07-20T05:20:19.136Z] Checked if tokens are valid: true, expires at: 1784528383650
[debug] [2026-07-20T05:20:19.140Z] >>> [apiv2][query] POST https://cloudresourcemanager.googleapis.com/v1/projects/expense-tracker-6bb42:testIamPermissions [none]
[debug] [2026-07-20T05:20:19.140Z] >>> [apiv2][(partial)header] POST https://cloudresourcemanager.googleapis.com/v1/projects/expense-tracker-6bb42:testIamPermissions  x-goog-user-project=expense-tracker-6bb42
[debug] [2026-07-20T05:20:19.140Z] >>> [apiv2][body] POST https://cloudresourcemanager.googleapis.com/v1/projects/expense-tracker-6bb42:testIamPermissions {"permissions":["cloudfunctions.functions.list","firebase.projects.get","run.services.list"]}
[debug] [2026-07-20T05:20:20.367Z] <<< [apiv2][status] POST https://cloudresourcemanager.googleapis.com/v1/projects/expense-tracker-6bb42:testIamPermissions 200
[debug] [2026-07-20T05:20:20.368Z] <<< [apiv2][body] POST https://cloudresourcemanager.googleapis.com/v1/projects/expense-tracker-6bb42:testIamPermissions {"permissions":["cloudfunctions.functions.list","firebase.projects.get","run.services.list"]}
[debug] [2026-07-20T05:20:20.368Z] Checked if tokens are valid: true, expires at: 1784528383650
[debug] [2026-07-20T05:20:20.368Z] Checked if tokens are valid: true, expires at: 1784528383650
[debug] [2026-07-20T05:20:20.369Z] >>> [apiv2][query] GET https://cloudfunctions.googleapis.com/v1/projects/expense-tracker-6bb42/locations/-/functions [none]
[debug] [2026-07-20T05:20:20.466Z] <<< [apiv2][status] GET https://cloudfunctions.googleapis.com/v1/projects/expense-tracker-6bb42/locations/-/functions 403
[debug] [2026-07-20T05:20:20.466Z] <<< [apiv2][body] GET https://cloudfunctions.googleapis.com/v1/projects/expense-tracker-6bb42/locations/-/functions {"error":{"code":403,"message":"Cloud Functions API has not been used in project expense-tracker-6bb42 before or it is disabled. Enable it by visiting https://console.developers.google.com/apis/api/cloudfunctions.googleapis.com/overview?project=expense-tracker-6bb42 then retry. If you enabled this API recently, wait a few minutes for the action to propagate to our systems and retry.","status":"PERMISSION_DENIED","details":[{"@type":"type.googleapis.com/google.rpc.ErrorInfo","reason":"SERVICE_DISABLED","domain":"googleapis.com","metadata":{"consumer":"projects/expense-tracker-6bb42","serviceTitle":"Cloud Functions API","activationUrl":"https://console.developers.google.com/apis/api/cloudfunctions.googleapis.com/overview?project=expense-tracker-6bb42","service":"cloudfunctions.googleapis.com","containerInfo":"expense-tracker-6bb42"}},{"@type":"type.googleapis.com/google.rpc.LocalizedMessage","locale":"en-US","message":"Cloud Functions API has not been used in project expense-tracker-6bb42 before or it is disabled. Enable it by visiting https://console.developers.google.com/apis/api/cloudfunctions.googleapis.com/overview?project=expense-tracker-6bb42 then retry. If you enabled this API recently, wait a few minutes for the action to propagate to our systems and retry."},{"@type":"type.googleapis.com/google.rpc.Help","links":[{"description":"Google developers console API activation","url":"https://console.developers.google.com/apis/api/cloudfunctions.googleapis.com/overview?project=expense-tracker-6bb42"}]}]}}
[debug] [2026-07-20T05:20:20.466Z] [functions] failed to list functions for expense-tracker-6bb42
[debug] [2026-07-20T05:20:20.466Z] [functions] Request to https://cloudfunctions.googleapis.com/v1/projects/expense-tracker-6bb42/locations/-/functions had HTTP Error: 403, Cloud Functions API has not been used in project expense-tracker-6bb42 before or it is disabled. Enable it by visiting https://console.developers.google.com/apis/api/cloudfunctions.googleapis.com/overview?project=expense-tracker-6bb42 then retry. If you enabled this API recently, wait a few minutes for the action to propagate to our systems and retry.
[debug] [2026-07-20T05:20:20.591Z] FirebaseError: Request to https://cloudfunctions.googleapis.com/v1/projects/expense-tracker-6bb42/locations/-/functions had HTTP Error: 403, Cloud Functions API has not been used in project expense-tracker-6bb42 before or it is disabled. Enable it by visiting https://console.developers.google.com/apis/api/cloudfunctions.googleapis.com/overview?project=expense-tracker-6bb42 then retry. If you enabled this API recently, wait a few minutes for the action to propagate to our systems and retry.
    at responseToError (C:\Users\ASUS\AppData\Roaming\npm\node_modules\firebase-tools\lib\responseToError.js:53:12)
    at RetryOperation._fn (C:\Users\ASUS\AppData\Roaming\npm\node_modules\firebase-tools\lib\apiv2.js:333:77)
    at process.processTicksAndRejections (node:internal/process/task_queues:103:5)
[error] 
[error] Error: Failed to list functions for expense-tracker-6bb42
